{
  "RSpec": {
    "coverage": {
      "/Users/student/Project/Private_Practice/battling_again/spec/attack_spec.rb": {
        "lines": [
          1,
          null,
          1,
          2,
          2,
          null,
          1,
          1,
          1,
          1,
          null,
          null,
          null
        ]
      },
      "/Users/student/Project/Private_Practice/battling_again/spec/features/attack_spec.rb": {
        "lines": [
          1,
          1,
          1,
          1,
          0,
          null,
          null,
          1,
          1,
          1,
          0,
          0,
          0,
          null,
          null,
          1,
          1,
          1,
          0,
          0,
          0,
          null,
          null,
          1,
          1,
          1,
          1,
          null,
          null,
          1,
          1,
          1,
          0,
          0,
          0,
          0,
          0,
          null,
          null
        ]
      },
      "/Users/student/Project/Private_Practice/battling_again/spec/features/enter_names_spec.rb": {
        "lines": [
          1,
          1,
          1,
          1,
          null,
          null
        ]
      },
      "/Users/student/Project/Private_Practice/battling_again/spec/features/game_over_spec.rb": {
        "lines": [
          1,
          1,
          1,
          1,
          1,
          0,
          null,
          null,
          1,
          0,
          0,
          0,
          null,
          null,
          null
        ]
      },
      "/Users/student/Project/Private_Practice/battling_again/spec/features/hit_points_spec.rb": {
        "lines": [
          1,
          1,
          1,
          1,
          null,
          null,
          1,
          1,
          1,
          0,
          0,
          null,
          null,
          1,
          1,
          1,
          0,
          0,
          0,
          0,
          0,
          null,
          null
        ]
      },
      "/Users/student/Project/Private_Practice/battling_again/spec/features/infrastructure_test_spec.rb": {
        "lines": [
          1,
          1,
          1,
          1,
          null,
          null
        ]
      },
      "/Users/student/Project/Private_Practice/battling_again/spec/features/lose_game_spec.rb": {
        "lines": [
          1,
          1,
          1,
          1,
          2,
          0,
          0,
          null,
          null
        ]
      },
      "/Users/student/Project/Private_Practice/battling_again/spec/game_spec.rb": {
        "lines": [
          1,
          null,
          1,
          4,
          1,
          4,
          4,
          1,
          null,
          1,
          1,
          1,
          null,
          null,
          null,
          1,
          1,
          1,
          null,
          null,
          null,
          1,
          1,
          1,
          1,
          null,
          null,
          null,
          null,
          1,
          1,
          1,
          null,
          null,
          1,
          1,
          null,
          null,
          null,
          1,
          1,
          1,
          null,
          null
        ]
      },
      "/Users/student/Project/Private_Practice/battling_again/spec/player_spec.rb": {
        "lines": [
          1,
          null,
          1,
          4,
          1,
          null,
          1,
          1,
          1,
          null,
          null,
          null,
          1,
          1,
          1,
          null,
          null,
          null,
          1,
          1,
          4,
          null,
          null,
          null
        ]
      }
    },
    "timestamp": 1584228324
  }
}
