{
  "RSpec": {
    "coverage": {
      "/Users/student/Project/Private_Practice/battling_again/spec/features/enter_names_spec.rb": {
        "lines": [
          1,
          1,
          1,
          1,
          null,
          null
        ]
      },
      "/Users/student/Project/Private_Practice/battling_again/spec/features/hit_points_spec.rb": {
        "lines": [
          1,
          1,
          1,
          1,
          null,
          null
        ]
      },
      "/Users/student/Project/Private_Practice/battling_again/spec/features/infrastructure_test_spec.rb": {
        "lines": [
          1,
          1,
          1,
          1,
          null,
          null,
          null
        ]
      }
    },
    "timestamp": 1583688163
  }
}
